2026-04-08 00:25:33 [INFO] com.systemhealth.SystemHealthApplication - Starting SystemHealthApplication using Java 21.0.4 with PID 15916 (C:\Users\sanke\Smart_System_Health_AI_Assistant\Smart-System-Health-AI-Assistant\target\classes started by sanke in C:\Users\sanke\Smart_System_Health_AI_Assistant\Smart-System-Health-AI-Assistant)
2026-04-08 00:25:33 [DEBUG] com.systemhealth.SystemHealthApplication - Running with Spring Boot v3.2.5, Spring v6.1.6
2026-04-08 00:25:33 [INFO] com.systemhealth.SystemHealthApplication - No active profile set, falling back to 1 default profile: "default"
2026-04-08 00:25:36 [INFO] org.springframework.data.repository.config.RepositoryConfigurationDelegate - Bootstrapping Spring Data JPA repositories in DEFAULT mode.
2026-04-08 00:25:36 [INFO] org.springframework.data.repository.config.RepositoryConfigurationDelegate - Finished Spring Data repository scanning in 250 ms. Found 2 JPA repository interfaces.
2026-04-08 00:25:38 [INFO] org.springframework.boot.web.embedded.tomcat.TomcatWebServer - Tomcat initialized with port 8080 (http)
2026-04-08 00:25:38 [INFO] org.apache.catalina.core.StandardService - Starting service [Tomcat]
2026-04-08 00:25:38 [INFO] org.apache.catalina.core.StandardEngine - Starting Servlet engine: [Apache Tomcat/10.1.20]
2026-04-08 00:25:38 [INFO] org.apache.catalina.core.ContainerBase.[Tomcat].[localhost].[/] - Initializing Spring embedded WebApplicationContext
2026-04-08 00:25:38 [INFO] org.springframework.boot.web.servlet.context.ServletWebServerApplicationContext - Root WebApplicationContext: initialization completed in 4677 ms
2026-04-08 00:25:39 [INFO] org.hibernate.jpa.internal.util.LogHelper - HHH000204: Processing PersistenceUnitInfo [name: default]
2026-04-08 00:25:39 [INFO] org.hibernate.Version - HHH000412: Hibernate ORM core version 6.4.4.Final
2026-04-08 00:25:39 [INFO] org.hibernate.cache.internal.RegionFactoryInitiator - HHH000026: Second-level cache disabled
2026-04-08 00:25:40 [INFO] org.springframework.orm.jpa.persistenceunit.SpringPersistenceUnitInfo - No LoadTimeWeaver setup: ignoring JPA class transformer
2026-04-08 00:25:40 [INFO] com.zaxxer.hikari.HikariDataSource - HikariPool-1 - Starting...
2026-04-08 00:25:41 [INFO] com.zaxxer.hikari.pool.HikariPool - HikariPool-1 - Added connection com.mysql.cj.jdbc.ConnectionImpl@2e4ecdf8
2026-04-08 00:25:41 [INFO] com.zaxxer.hikari.HikariDataSource - HikariPool-1 - Start completed.
2026-04-08 00:25:41 [WARN] org.hibernate.orm.deprecation - HHH90000025: MySQLDialect does not need to be specified explicitly using 'hibernate.dialect' (remove the property setting and it will be selected by default)
2026-04-08 00:25:44 [INFO] org.hibernate.engine.transaction.jta.platform.internal.JtaPlatformInitiator - HHH000489: No JTA platform available (set 'hibernate.transaction.jta.platform' to enable JTA platform integration)
2026-04-08 00:25:44 [INFO] org.springframework.orm.jpa.LocalContainerEntityManagerFactoryBean - Initialized JPA EntityManagerFactory for persistence unit 'default'
2026-04-08 00:25:46 [WARN] org.springframework.boot.autoconfigure.orm.jpa.JpaBaseConfiguration$JpaWebConfiguration - spring.jpa.open-in-view is enabled by default. Therefore, database queries may be performed during view rendering. Explicitly configure spring.jpa.open-in-view to disable this warning
2026-04-08 00:25:46 [WARN] org.springframework.boot.autoconfigure.security.servlet.UserDetailsServiceAutoConfiguration - 

Using generated security password: 076e0bfc-1720-49d0-acb6-940a2321d91b

This generated password is for development use only. Your security configuration must be updated before running your application in production.

2026-04-08 00:25:46 [INFO] org.springframework.security.web.DefaultSecurityFilterChain - Will secure any request with [org.springframework.security.web.session.DisableEncodeUrlFilter@29b2a94c, org.springframework.security.web.context.request.async.WebAsyncManagerIntegrationFilter@108d59b6, org.springframework.security.web.context.SecurityContextHolderFilter@65293ca5, org.springframework.security.web.header.HeaderWriterFilter@4769e70c, org.springframework.web.filter.CorsFilter@38d9c9c4, org.springframework.security.web.authentication.logout.LogoutFilter@c194c4e, org.springframework.security.web.savedrequest.RequestCacheAwareFilter@2786b644, org.springframework.security.web.servletapi.SecurityContextHolderAwareRequestFilter@3b38f032, org.springframework.security.web.authentication.AnonymousAuthenticationFilter@a4388f1, org.springframework.security.web.access.ExceptionTranslationFilter@c5e7696, org.springframework.security.web.access.intercept.AuthorizationFilter@615b1baf]
2026-04-08 00:25:47 [INFO] org.springframework.boot.web.embedded.tomcat.TomcatWebServer - Tomcat started on port 8080 (http) with context path ''
2026-04-08 00:25:47 [INFO] org.springframework.messaging.simp.broker.SimpleBrokerMessageHandler - Starting...
2026-04-08 00:25:47 [INFO] org.springframework.messaging.simp.broker.SimpleBrokerMessageHandler - BrokerAvailabilityEvent[available=true, SimpleBrokerMessageHandler [org.springframework.messaging.simp.broker.DefaultSubscriptionRegistry@700596f9]]
2026-04-08 00:25:47 [INFO] org.springframework.messaging.simp.broker.SimpleBrokerMessageHandler - Started.
2026-04-08 00:25:47 [INFO] com.systemhealth.SystemHealthApplication - Started SystemHealthApplication in 15.52 seconds (process running for 17.957)
2026-04-08 00:25:53 [INFO] org.apache.catalina.core.ContainerBase.[Tomcat].[localhost].[/] - Initializing Spring DispatcherServlet 'dispatcherServlet'
2026-04-08 00:25:53 [INFO] org.springframework.web.servlet.DispatcherServlet - Initializing Servlet 'dispatcherServlet'
2026-04-08 00:25:53 [INFO] org.springframework.web.servlet.DispatcherServlet - Completed initialization in 2 ms
2026-04-08 00:25:53 [INFO] com.systemhealth.config.LoggingFilter - ➡️ REQUEST: GET /ws/info
2026-04-08 00:25:53 [INFO] com.systemhealth.config.LoggingFilter - ➡️ REQUEST: GET /ws/info
2026-04-08 00:25:53 [INFO] com.systemhealth.config.LoggingFilter - ✅ RESPONSE: GET /ws/info | Time: 37 ms
2026-04-08 00:25:53 [INFO] com.systemhealth.config.LoggingFilter - ✅ RESPONSE: GET /ws/info | Time: 37 ms
2026-04-08 00:25:53 [INFO] com.systemhealth.config.LoggingFilter - ➡️ REQUEST: GET /ws/615/ml3w1qzc/websocket
2026-04-08 00:25:53 [INFO] com.systemhealth.config.LoggingFilter - ✅ RESPONSE: GET /ws/615/ml3w1qzc/websocket | Time: 152 ms
2026-04-08 00:25:53 [INFO] com.systemhealth.config.LoggingFilter - ➡️ REQUEST: GET /ws/340/kx4dnmqc/websocket
2026-04-08 00:25:53 [INFO] com.systemhealth.config.LoggingFilter - ✅ RESPONSE: GET /ws/340/kx4dnmqc/websocket | Time: 5 ms
2026-04-08 00:26:47 [INFO] org.springframework.web.socket.config.WebSocketMessageBrokerStats - WebSocketSession[2 current WS(2)-HttpStream(0)-HttpPoll(0), 2 total, 0 closed abnormally (0 connect failure, 0 send limit, 0 transport error)], stompSubProtocol[processed CONNECT(1)-CONNECTED(1)-DISCONNECT(0)], stompBrokerRelay[null], inboundChannel[pool size = 6, active threads = 0, queued tasks = 0, completed tasks = 6], outboundChannel[pool size = 1, active threads = 0, queued tasks = 0, completed tasks = 1], sockJsScheduler[pool size = 8, active threads = 1, queued tasks = 3, completed tasks = 15]
2026-04-08 00:27:03 [INFO] com.systemhealth.config.LoggingFilter - ➡️ REQUEST: GET /ws/info
2026-04-08 00:27:03 [INFO] com.systemhealth.config.LoggingFilter - ➡️ REQUEST: GET /ws/info
2026-04-08 00:27:03 [INFO] com.systemhealth.config.LoggingFilter - ✅ RESPONSE: GET /ws/info | Time: 2 ms
2026-04-08 00:27:03 [INFO] com.systemhealth.config.LoggingFilter - ✅ RESPONSE: GET /ws/info | Time: 2 ms
2026-04-08 00:27:03 [INFO] com.systemhealth.config.LoggingFilter - ➡️ REQUEST: GET /ws/702/hneollhs/websocket
2026-04-08 00:27:03 [INFO] com.systemhealth.config.LoggingFilter - ✅ RESPONSE: GET /ws/702/hneollhs/websocket | Time: 6 ms
2026-04-08 00:27:03 [INFO] com.systemhealth.config.LoggingFilter - ➡️ REQUEST: GET /ws/343/dfzarq1g/websocket
2026-04-08 00:27:03 [INFO] com.systemhealth.config.LoggingFilter - ✅ RESPONSE: GET /ws/343/dfzarq1g/websocket | Time: 5 ms
2026-04-08 00:29:09 [INFO] com.systemhealth.config.LoggingFilter - ➡️ REQUEST: GET /ws/info
2026-04-08 00:29:09 [INFO] com.systemhealth.config.LoggingFilter - ➡️ REQUEST: GET /ws/info
2026-04-08 00:29:09 [INFO] com.systemhealth.config.LoggingFilter - ✅ RESPONSE: GET /ws/info | Time: 15 ms
2026-04-08 00:29:09 [INFO] com.systemhealth.config.LoggingFilter - ✅ RESPONSE: GET /ws/info | Time: 17 ms
2026-04-08 00:29:09 [INFO] com.systemhealth.config.LoggingFilter - ➡️ REQUEST: GET /ws/278/qcq4zstn/websocket
2026-04-08 00:29:09 [INFO] com.systemhealth.config.LoggingFilter - ✅ RESPONSE: GET /ws/278/qcq4zstn/websocket | Time: 13 ms
2026-04-08 00:29:09 [INFO] com.systemhealth.config.LoggingFilter - ➡️ REQUEST: GET /ws/907/dgd24jiu/websocket
2026-04-08 00:29:09 [INFO] com.systemhealth.config.LoggingFilter - ✅ RESPONSE: GET /ws/907/dgd24jiu/websocket | Time: 7 ms
2026-04-08 00:29:19 [INFO] com.systemhealth.config.LoggingFilter - ➡️ REQUEST: GET /ws/info
2026-04-08 00:29:19 [INFO] com.systemhealth.config.LoggingFilter - ➡️ REQUEST: GET /ws/info
2026-04-08 00:29:19 [INFO] com.systemhealth.config.LoggingFilter - ✅ RESPONSE: GET /ws/info | Time: 3 ms
2026-04-08 00:29:19 [INFO] com.systemhealth.config.LoggingFilter - ✅ RESPONSE: GET /ws/info | Time: 3 ms
2026-04-08 00:29:19 [INFO] com.systemhealth.config.LoggingFilter - ➡️ REQUEST: GET /ws/128/cgigptqe/websocket
2026-04-08 00:29:19 [INFO] com.systemhealth.config.LoggingFilter - ✅ RESPONSE: GET /ws/128/cgigptqe/websocket | Time: 12 ms
2026-04-08 00:29:20 [INFO] com.systemhealth.config.LoggingFilter - ➡️ REQUEST: GET /ws/080/pz43b1kk/websocket
2026-04-08 00:29:20 [INFO] com.systemhealth.config.LoggingFilter - ✅ RESPONSE: GET /ws/080/pz43b1kk/websocket | Time: 7 ms
2026-04-08 00:31:20 [INFO] org.springframework.messaging.simp.broker.SimpleBrokerMessageHandler - Stopping...
2026-04-08 00:31:20 [INFO] org.springframework.messaging.simp.broker.SimpleBrokerMessageHandler - BrokerAvailabilityEvent[available=false, SimpleBrokerMessageHandler [org.springframework.messaging.simp.broker.DefaultSubscriptionRegistry@700596f9]]
2026-04-08 00:31:20 [INFO] org.springframework.messaging.simp.broker.SimpleBrokerMessageHandler - Stopped.
2026-04-08 00:31:20 [INFO] org.springframework.orm.jpa.LocalContainerEntityManagerFactoryBean - Closing JPA EntityManagerFactory for persistence unit 'default'
2026-04-08 00:31:20 [INFO] com.zaxxer.hikari.HikariDataSource - HikariPool-1 - Shutdown initiated...
2026-04-08 00:31:20 [INFO] com.zaxxer.hikari.HikariDataSource - HikariPool-1 - Shutdown completed.
2026-04-08 00:31:30 [INFO] com.systemhealth.SystemHealthApplication - Starting SystemHealthApplication using Java 21.0.4 with PID 3640 (C:\Users\sanke\Smart_System_Health_AI_Assistant\Smart-System-Health-AI-Assistant\target\classes started by sanke in C:\Users\sanke\Smart_System_Health_AI_Assistant\Smart-System-Health-AI-Assistant)
2026-04-08 00:31:30 [DEBUG] com.systemhealth.SystemHealthApplication - Running with Spring Boot v3.2.5, Spring v6.1.6
2026-04-08 00:31:30 [INFO] com.systemhealth.SystemHealthApplication - No active profile set, falling back to 1 default profile: "default"
2026-04-08 00:31:32 [INFO] org.springframework.data.repository.config.RepositoryConfigurationDelegate - Bootstrapping Spring Data JPA repositories in DEFAULT mode.
2026-04-08 00:31:32 [INFO] org.springframework.data.repository.config.RepositoryConfigurationDelegate - Finished Spring Data repository scanning in 148 ms. Found 2 JPA repository interfaces.
2026-04-08 00:31:34 [INFO] org.springframework.boot.web.embedded.tomcat.TomcatWebServer - Tomcat initialized with port 8080 (http)
2026-04-08 00:31:34 [INFO] org.apache.catalina.core.StandardService - Starting service [Tomcat]
2026-04-08 00:31:34 [INFO] org.apache.catalina.core.StandardEngine - Starting Servlet engine: [Apache Tomcat/10.1.20]
2026-04-08 00:31:34 [INFO] org.apache.catalina.core.ContainerBase.[Tomcat].[localhost].[/] - Initializing Spring embedded WebApplicationContext
2026-04-08 00:31:34 [INFO] org.springframework.boot.web.servlet.context.ServletWebServerApplicationContext - Root WebApplicationContext: initialization completed in 4098 ms
2026-04-08 00:31:35 [INFO] org.hibernate.jpa.internal.util.LogHelper - HHH000204: Processing PersistenceUnitInfo [name: default]
2026-04-08 00:31:35 [INFO] org.hibernate.Version - HHH000412: Hibernate ORM core version 6.4.4.Final
2026-04-08 00:31:35 [INFO] org.hibernate.cache.internal.RegionFactoryInitiator - HHH000026: Second-level cache disabled
2026-04-08 00:31:36 [INFO] org.springframework.orm.jpa.persistenceunit.SpringPersistenceUnitInfo - No LoadTimeWeaver setup: ignoring JPA class transformer
2026-04-08 00:31:36 [INFO] com.zaxxer.hikari.HikariDataSource - HikariPool-1 - Starting...
2026-04-08 00:31:37 [INFO] com.zaxxer.hikari.pool.HikariPool - HikariPool-1 - Added connection com.mysql.cj.jdbc.ConnectionImpl@15be68b
2026-04-08 00:31:37 [INFO] com.zaxxer.hikari.HikariDataSource - HikariPool-1 - Start completed.
2026-04-08 00:31:37 [WARN] org.hibernate.orm.deprecation - HHH90000025: MySQLDialect does not need to be specified explicitly using 'hibernate.dialect' (remove the property setting and it will be selected by default)
2026-04-08 00:31:40 [INFO] org.hibernate.engine.transaction.jta.platform.internal.JtaPlatformInitiator - HHH000489: No JTA platform available (set 'hibernate.transaction.jta.platform' to enable JTA platform integration)
2026-04-08 00:31:40 [INFO] org.springframework.orm.jpa.LocalContainerEntityManagerFactoryBean - Initialized JPA EntityManagerFactory for persistence unit 'default'
2026-04-08 00:31:41 [WARN] org.springframework.boot.autoconfigure.orm.jpa.JpaBaseConfiguration$JpaWebConfiguration - spring.jpa.open-in-view is enabled by default. Therefore, database queries may be performed during view rendering. Explicitly configure spring.jpa.open-in-view to disable this warning
2026-04-08 00:31:41 [WARN] org.springframework.boot.autoconfigure.security.servlet.UserDetailsServiceAutoConfiguration - 

Using generated security password: 4af30026-6da1-4fb8-926f-72872efc4d27

This generated password is for development use only. Your security configuration must be updated before running your application in production.

2026-04-08 00:31:42 [INFO] org.springframework.security.web.DefaultSecurityFilterChain - Will secure any request with [org.springframework.security.web.session.DisableEncodeUrlFilter@5d94c50e, org.springframework.security.web.context.request.async.WebAsyncManagerIntegrationFilter@135f160e, org.springframework.security.web.context.SecurityContextHolderFilter@6715a6da, org.springframework.security.web.header.HeaderWriterFilter@68423388, org.springframework.web.filter.CorsFilter@230e163b, org.springframework.security.web.authentication.logout.LogoutFilter@562ec518, org.springframework.security.web.savedrequest.RequestCacheAwareFilter@29f86630, org.springframework.security.web.servletapi.SecurityContextHolderAwareRequestFilter@6b8a9e1, org.springframework.security.web.authentication.AnonymousAuthenticationFilter@7a41f4a7, org.springframework.security.web.access.ExceptionTranslationFilter@28d728f1, org.springframework.security.web.access.intercept.AuthorizationFilter@3fae357f]
2026-04-08 00:31:43 [INFO] org.springframework.boot.web.embedded.tomcat.TomcatWebServer - Tomcat started on port 8080 (http) with context path ''
2026-04-08 00:31:43 [INFO] org.springframework.messaging.simp.broker.SimpleBrokerMessageHandler - Starting...
2026-04-08 00:31:43 [INFO] org.springframework.messaging.simp.broker.SimpleBrokerMessageHandler - BrokerAvailabilityEvent[available=true, SimpleBrokerMessageHandler [org.springframework.messaging.simp.broker.DefaultSubscriptionRegistry@380cd266]]
2026-04-08 00:31:43 [INFO] org.springframework.messaging.simp.broker.SimpleBrokerMessageHandler - Started.
2026-04-08 00:31:43 [INFO] com.systemhealth.SystemHealthApplication - Started SystemHealthApplication in 14.246 seconds (process running for 16.056)
2026-04-08 00:31:48 [INFO] org.apache.catalina.core.ContainerBase.[Tomcat].[localhost].[/] - Initializing Spring DispatcherServlet 'dispatcherServlet'
2026-04-08 00:31:48 [INFO] org.springframework.web.servlet.DispatcherServlet - Initializing Servlet 'dispatcherServlet'
2026-04-08 00:31:48 [INFO] org.springframework.web.servlet.DispatcherServlet - Completed initialization in 3 ms
2026-04-08 00:31:48 [INFO] com.systemhealth.config.LoggingFilter - ➡️ REQUEST: GET /ws/info
2026-04-08 00:31:48 [INFO] com.systemhealth.config.LoggingFilter - ➡️ REQUEST: GET /ws/info
2026-04-08 00:31:48 [INFO] com.systemhealth.config.LoggingFilter - ✅ RESPONSE: GET /ws/info | Time: 48 ms
2026-04-08 00:31:48 [INFO] com.systemhealth.config.LoggingFilter - ✅ RESPONSE: GET /ws/info | Time: 48 ms
2026-04-08 00:31:48 [INFO] com.systemhealth.config.LoggingFilter - ➡️ REQUEST: GET /ws/702/dlgcfjcv/websocket
2026-04-08 00:31:48 [INFO] com.systemhealth.config.LoggingFilter - ✅ RESPONSE: GET /ws/702/dlgcfjcv/websocket | Time: 194 ms
2026-04-08 00:31:48 [INFO] com.systemhealth.config.LoggingFilter - ➡️ REQUEST: GET /ws/821/tdoiu2ml/websocket
2026-04-08 00:31:48 [INFO] com.systemhealth.config.LoggingFilter - ✅ RESPONSE: GET /ws/821/tdoiu2ml/websocket | Time: 8 ms
2026-04-08 00:32:02 [INFO] com.systemhealth.config.LoggingFilter - ➡️ REQUEST: GET /ws/info
2026-04-08 00:32:02 [INFO] com.systemhealth.config.LoggingFilter - ➡️ REQUEST: GET /ws/info
2026-04-08 00:32:02 [INFO] com.systemhealth.config.LoggingFilter - ✅ RESPONSE: GET /ws/info | Time: 4 ms
2026-04-08 00:32:02 [INFO] com.systemhealth.config.LoggingFilter - ✅ RESPONSE: GET /ws/info | Time: 4 ms
2026-04-08 00:32:02 [INFO] com.systemhealth.config.LoggingFilter - ➡️ REQUEST: GET /ws/573/3czgpxvo/websocket
2026-04-08 00:32:02 [INFO] com.systemhealth.config.LoggingFilter - ✅ RESPONSE: GET /ws/573/3czgpxvo/websocket | Time: 8 ms
2026-04-08 00:32:02 [INFO] com.systemhealth.config.LoggingFilter - ➡️ REQUEST: GET /ws/740/3sfftj2b/websocket
2026-04-08 00:32:02 [INFO] com.systemhealth.config.LoggingFilter - ✅ RESPONSE: GET /ws/740/3sfftj2b/websocket | Time: 4 ms
2026-04-08 00:32:03 [INFO] com.systemhealth.config.LoggingFilter - ➡️ REQUEST: GET /ws/info
2026-04-08 00:32:03 [INFO] com.systemhealth.config.LoggingFilter - ➡️ REQUEST: GET /ws/info
2026-04-08 00:32:03 [INFO] com.systemhealth.config.LoggingFilter - ✅ RESPONSE: GET /ws/info | Time: 3 ms
2026-04-08 00:32:03 [INFO] com.systemhealth.config.LoggingFilter - ✅ RESPONSE: GET /ws/info | Time: 3 ms
2026-04-08 00:32:03 [INFO] com.systemhealth.config.LoggingFilter - ➡️ REQUEST: GET /ws/792/0fnbohdz/websocket
2026-04-08 00:32:03 [INFO] com.systemhealth.config.LoggingFilter - ✅ RESPONSE: GET /ws/792/0fnbohdz/websocket | Time: 3 ms
2026-04-08 00:32:03 [INFO] com.systemhealth.config.LoggingFilter - ➡️ REQUEST: GET /ws/701/qqavdg4j/websocket
2026-04-08 00:32:03 [INFO] com.systemhealth.config.LoggingFilter - ✅ RESPONSE: GET /ws/701/qqavdg4j/websocket | Time: 5 ms
2026-04-08 00:32:05 [INFO] com.systemhealth.config.LoggingFilter - ➡️ REQUEST: GET /ws/info
2026-04-08 00:32:05 [INFO] com.systemhealth.config.LoggingFilter - ➡️ REQUEST: GET /ws/info
2026-04-08 00:32:05 [INFO] com.systemhealth.config.LoggingFilter - ✅ RESPONSE: GET /ws/info | Time: 2 ms
2026-04-08 00:32:05 [INFO] com.systemhealth.config.LoggingFilter - ✅ RESPONSE: GET /ws/info | Time: 2 ms
2026-04-08 00:32:05 [INFO] com.systemhealth.config.LoggingFilter - ➡️ REQUEST: GET /ws/703/4qruti11/websocket
2026-04-08 00:32:05 [INFO] com.systemhealth.config.LoggingFilter - ✅ RESPONSE: GET /ws/703/4qruti11/websocket | Time: 8 ms
2026-04-08 00:32:05 [INFO] com.systemhealth.config.LoggingFilter - ➡️ REQUEST: GET /ws/317/lb1y0nii/websocket
2026-04-08 00:32:05 [INFO] com.systemhealth.config.LoggingFilter - ✅ RESPONSE: GET /ws/317/lb1y0nii/websocket | Time: 8 ms
2026-04-08 00:32:43 [INFO] org.springframework.web.socket.config.WebSocketMessageBrokerStats - WebSocketSession[2 current WS(2)-HttpStream(0)-HttpPoll(0), 8 total, 0 closed abnormally (0 connect failure, 0 send limit, 0 transport error)], stompSubProtocol[processed CONNECT(4)-CONNECTED(4)-DISCONNECT(0)], stompBrokerRelay[null], inboundChannel[pool size = 16, active threads = 0, queued tasks = 0, completed tasks = 42], outboundChannel[pool size = 10, active threads = 0, queued tasks = 0, completed tasks = 10], sockJsScheduler[pool size = 8, active threads = 1, queued tasks = 3, completed tasks = 13]
2026-04-08 00:35:03 [INFO] com.systemhealth.config.LoggingFilter - ➡️ REQUEST: POST /system/issue
2026-04-08 00:35:03 [INFO] com.systemhealth.controller.SystemController - 📥 Issue received: HIGH_CPU
2026-04-08 00:35:03 [INFO] com.systemhealth.controller.SystemController - 📡 WebSocket alert sent for issue=HIGH_CPU
2026-04-08 00:35:03 [INFO] com.systemhealth.config.LoggingFilter - ✅ RESPONSE: POST /system/issue | Time: 621 ms
2026-04-08 00:35:08 [INFO] com.systemhealth.config.LoggingFilter - ➡️ REQUEST: POST /system/issue
2026-04-08 00:35:08 [INFO] com.systemhealth.controller.SystemController - 📥 Issue received: HIGH_CPU
2026-04-08 00:35:09 [INFO] com.systemhealth.controller.SystemController - 📡 WebSocket alert sent for issue=HIGH_CPU
2026-04-08 00:35:09 [INFO] com.systemhealth.config.LoggingFilter - ✅ RESPONSE: POST /system/issue | Time: 60 ms
2026-04-08 00:35:09 [INFO] com.systemhealth.config.LoggingFilter - ➡️ REQUEST: GET /ws/info
2026-04-08 00:35:09 [INFO] com.systemhealth.config.LoggingFilter - ➡️ REQUEST: GET /ws/info
2026-04-08 00:35:09 [INFO] com.systemhealth.config.LoggingFilter - ✅ RESPONSE: GET /ws/info | Time: 2 ms
2026-04-08 00:35:09 [INFO] com.systemhealth.config.LoggingFilter - ✅ RESPONSE: GET /ws/info | Time: 2 ms
2026-04-08 00:35:09 [INFO] com.systemhealth.config.LoggingFilter - ➡️ REQUEST: GET /ws/332/ajocjgkq/websocket
2026-04-08 00:35:09 [INFO] com.systemhealth.config.LoggingFilter - ✅ RESPONSE: GET /ws/332/ajocjgkq/websocket | Time: 4 ms
2026-04-08 00:35:09 [INFO] com.systemhealth.config.LoggingFilter - ➡️ REQUEST: GET /ws/501/c0df1nt4/websocket
2026-04-08 00:35:09 [INFO] com.systemhealth.config.LoggingFilter - ✅ RESPONSE: GET /ws/501/c0df1nt4/websocket | Time: 0 ms
2026-04-08 00:35:14 [INFO] com.systemhealth.config.LoggingFilter - ➡️ REQUEST: POST /system/issue
2026-04-08 00:35:14 [INFO] com.systemhealth.controller.SystemController - 📥 Issue received: HIGH_CPU
2026-04-08 00:35:14 [INFO] com.systemhealth.controller.SystemController - 📡 WebSocket alert sent for issue=HIGH_CPU
2026-04-08 00:35:14 [INFO] com.systemhealth.config.LoggingFilter - ✅ RESPONSE: POST /system/issue | Time: 56 ms
2026-04-08 00:35:19 [INFO] com.systemhealth.config.LoggingFilter - ➡️ REQUEST: POST /system/issue
2026-04-08 00:35:19 [INFO] com.systemhealth.controller.SystemController - 📥 Issue received: HIGH_CPU
2026-04-08 00:35:19 [INFO] com.systemhealth.controller.SystemController - 📡 WebSocket alert sent for issue=HIGH_CPU
2026-04-08 00:35:19 [INFO] com.systemhealth.config.LoggingFilter - ✅ RESPONSE: POST /system/issue | Time: 56 ms
2026-04-08 00:35:24 [INFO] com.systemhealth.config.LoggingFilter - ➡️ REQUEST: POST /system/issue
2026-04-08 00:35:24 [INFO] com.systemhealth.controller.SystemController - 📥 Issue received: HIGH_CPU
2026-04-08 00:35:24 [INFO] com.systemhealth.controller.SystemController - 📡 WebSocket alert sent for issue=HIGH_CPU
2026-04-08 00:35:24 [INFO] com.systemhealth.config.LoggingFilter - ✅ RESPONSE: POST /system/issue | Time: 59 ms
2026-04-08 00:35:29 [INFO] com.systemhealth.config.LoggingFilter - ➡️ REQUEST: POST /system/issue
2026-04-08 00:35:29 [INFO] com.systemhealth.controller.SystemController - 📥 Issue received: HIGH_CPU
2026-04-08 00:35:29 [INFO] com.systemhealth.controller.SystemController - 📡 WebSocket alert sent for issue=HIGH_CPU
2026-04-08 00:35:29 [INFO] com.systemhealth.config.LoggingFilter - ✅ RESPONSE: POST /system/issue | Time: 21 ms
2026-04-08 00:35:34 [INFO] com.systemhealth.config.LoggingFilter - ➡️ REQUEST: POST /system/issue
2026-04-08 00:35:34 [INFO] com.systemhealth.controller.SystemController - 📥 Issue received: HIGH_CPU
2026-04-08 00:35:34 [INFO] com.systemhealth.controller.SystemController - 📡 WebSocket alert sent for issue=HIGH_CPU
2026-04-08 00:35:34 [INFO] com.systemhealth.config.LoggingFilter - ✅ RESPONSE: POST /system/issue | Time: 57 ms
2026-04-08 00:35:39 [INFO] com.systemhealth.config.LoggingFilter - ➡️ REQUEST: POST /system/issue
2026-04-08 00:35:39 [INFO] com.systemhealth.controller.SystemController - 📥 Issue received: HIGH_CPU
2026-04-08 00:35:39 [INFO] com.systemhealth.controller.SystemController - 📡 WebSocket alert sent for issue=HIGH_CPU
2026-04-08 00:35:39 [INFO] com.systemhealth.config.LoggingFilter - ✅ RESPONSE: POST /system/issue | Time: 17 ms
2026-04-08 00:35:44 [INFO] com.systemhealth.config.LoggingFilter - ➡️ REQUEST: POST /system/issue
2026-04-08 00:35:44 [INFO] com.systemhealth.controller.SystemController - 📥 Issue received: HIGH_CPU
2026-04-08 00:35:44 [INFO] com.systemhealth.controller.SystemController - 📡 WebSocket alert sent for issue=HIGH_CPU
2026-04-08 00:35:44 [INFO] com.systemhealth.config.LoggingFilter - ✅ RESPONSE: POST /system/issue | Time: 16 ms
2026-04-08 00:35:49 [INFO] com.systemhealth.config.LoggingFilter - ➡️ REQUEST: POST /system/issue
2026-04-08 00:35:49 [INFO] com.systemhealth.controller.SystemController - 📥 Issue received: HIGH_CPU
2026-04-08 00:35:49 [INFO] com.systemhealth.controller.SystemController - 📡 WebSocket alert sent for issue=HIGH_CPU
2026-04-08 00:35:49 [INFO] com.systemhealth.config.LoggingFilter - ✅ RESPONSE: POST /system/issue | Time: 15 ms
2026-04-08 00:35:54 [INFO] com.systemhealth.config.LoggingFilter - ➡️ REQUEST: POST /system/issue
2026-04-08 00:35:54 [INFO] com.systemhealth.controller.SystemController - 📥 Issue received: HIGH_CPU
2026-04-08 00:35:54 [INFO] com.systemhealth.controller.SystemController - 📡 WebSocket alert sent for issue=HIGH_CPU
2026-04-08 00:35:54 [INFO] com.systemhealth.config.LoggingFilter - ✅ RESPONSE: POST /system/issue | Time: 62 ms
2026-04-08 00:35:59 [INFO] com.systemhealth.config.LoggingFilter - ➡️ REQUEST: POST /system/issue
2026-04-08 00:35:59 [INFO] com.systemhealth.controller.SystemController - 📥 Issue received: HIGH_CPU
2026-04-08 00:35:59 [INFO] com.systemhealth.controller.SystemController - 📡 WebSocket alert sent for issue=HIGH_CPU
2026-04-08 00:35:59 [INFO] com.systemhealth.config.LoggingFilter - ✅ RESPONSE: POST /system/issue | Time: 55 ms
2026-04-08 00:36:04 [INFO] com.systemhealth.config.LoggingFilter - ➡️ REQUEST: POST /system/issue
2026-04-08 00:36:04 [INFO] com.systemhealth.controller.SystemController - 📥 Issue received: HIGH_CPU
2026-04-08 00:36:04 [INFO] com.systemhealth.controller.SystemController - 📡 WebSocket alert sent for issue=HIGH_CPU
2026-04-08 00:36:04 [INFO] com.systemhealth.config.LoggingFilter - ✅ RESPONSE: POST /system/issue | Time: 54 ms
2026-04-08 00:36:09 [INFO] com.systemhealth.config.LoggingFilter - ➡️ REQUEST: POST /system/issue
2026-04-08 00:36:09 [INFO] com.systemhealth.controller.SystemController - 📥 Issue received: HIGH_CPU
2026-04-08 00:36:09 [INFO] com.systemhealth.controller.SystemController - 📡 WebSocket alert sent for issue=HIGH_CPU
2026-04-08 00:36:09 [INFO] com.systemhealth.config.LoggingFilter - ✅ RESPONSE: POST /system/issue | Time: 16 ms
2026-04-08 00:36:14 [INFO] com.systemhealth.config.LoggingFilter - ➡️ REQUEST: POST /system/issue
2026-04-08 00:36:14 [INFO] com.systemhealth.controller.SystemController - 📥 Issue received: HIGH_CPU
2026-04-08 00:36:14 [INFO] com.systemhealth.controller.SystemController - 📡 WebSocket alert sent for issue=HIGH_CPU
2026-04-08 00:36:14 [INFO] com.systemhealth.config.LoggingFilter - ✅ RESPONSE: POST /system/issue | Time: 55 ms
2026-04-08 00:36:19 [INFO] com.systemhealth.config.LoggingFilter - ➡️ REQUEST: POST /system/issue
2026-04-08 00:36:19 [INFO] com.systemhealth.controller.SystemController - 📥 Issue received: HIGH_CPU
2026-04-08 00:36:19 [INFO] com.systemhealth.controller.SystemController - 📡 WebSocket alert sent for issue=HIGH_CPU
2026-04-08 00:36:19 [INFO] com.systemhealth.config.LoggingFilter - ✅ RESPONSE: POST /system/issue | Time: 33 ms
2026-04-08 00:36:24 [INFO] com.systemhealth.config.LoggingFilter - ➡️ REQUEST: POST /system/issue
2026-04-08 00:36:24 [INFO] com.systemhealth.controller.SystemController - 📥 Issue received: HIGH_CPU
2026-04-08 00:36:24 [INFO] com.systemhealth.controller.SystemController - 📡 WebSocket alert sent for issue=HIGH_CPU
2026-04-08 00:36:24 [INFO] com.systemhealth.config.LoggingFilter - ✅ RESPONSE: POST /system/issue | Time: 19 ms
2026-04-08 00:36:29 [INFO] com.systemhealth.config.LoggingFilter - ➡️ REQUEST: POST /system/issue
2026-04-08 00:36:29 [INFO] com.systemhealth.controller.SystemController - 📥 Issue received: HIGH_CPU
2026-04-08 00:36:29 [INFO] com.systemhealth.controller.SystemController - 📡 WebSocket alert sent for issue=HIGH_CPU
2026-04-08 00:36:29 [INFO] com.systemhealth.config.LoggingFilter - ✅ RESPONSE: POST /system/issue | Time: 56 ms
2026-04-08 00:36:34 [INFO] com.systemhealth.config.LoggingFilter - ➡️ REQUEST: POST /system/issue
2026-04-08 00:36:34 [INFO] com.systemhealth.controller.SystemController - 📥 Issue received: HIGH_CPU
2026-04-08 00:36:34 [INFO] com.systemhealth.controller.SystemController - 📡 WebSocket alert sent for issue=HIGH_CPU
2026-04-08 00:36:34 [INFO] com.systemhealth.config.LoggingFilter - ✅ RESPONSE: POST /system/issue | Time: 56 ms
2026-04-08 00:36:39 [INFO] com.systemhealth.config.LoggingFilter - ➡️ REQUEST: POST /system/issue
2026-04-08 00:36:39 [INFO] com.systemhealth.controller.SystemController - 📥 Issue received: HIGH_CPU
2026-04-08 00:36:39 [INFO] com.systemhealth.controller.SystemController - 📡 WebSocket alert sent for issue=HIGH_CPU
2026-04-08 00:36:39 [INFO] com.systemhealth.config.LoggingFilter - ✅ RESPONSE: POST /system/issue | Time: 15 ms
2026-04-08 00:36:44 [INFO] com.systemhealth.config.LoggingFilter - ➡️ REQUEST: POST /system/issue
2026-04-08 00:36:44 [INFO] com.systemhealth.controller.SystemController - 📥 Issue received: HIGH_CPU
2026-04-08 00:36:44 [INFO] com.systemhealth.controller.SystemController - 📡 WebSocket alert sent for issue=HIGH_CPU
2026-04-08 00:36:44 [INFO] com.systemhealth.config.LoggingFilter - ✅ RESPONSE: POST /system/issue | Time: 21 ms
2026-04-08 00:36:49 [INFO] com.systemhealth.config.LoggingFilter - ➡️ REQUEST: POST /system/issue
2026-04-08 00:36:49 [INFO] com.systemhealth.controller.SystemController - 📥 Issue received: HIGH_CPU
2026-04-08 00:36:49 [INFO] com.systemhealth.controller.SystemController - 📡 WebSocket alert sent for issue=HIGH_CPU
2026-04-08 00:36:49 [INFO] com.systemhealth.config.LoggingFilter - ✅ RESPONSE: POST /system/issue | Time: 54 ms
2026-04-08 00:36:54 [INFO] com.systemhealth.config.LoggingFilter - ➡️ REQUEST: POST /system/issue
2026-04-08 00:36:54 [INFO] com.systemhealth.controller.SystemController - 📥 Issue received: HIGH_CPU
2026-04-08 00:36:54 [INFO] com.systemhealth.controller.SystemController - 📡 WebSocket alert sent for issue=HIGH_CPU
2026-04-08 00:36:54 [INFO] com.systemhealth.config.LoggingFilter - ✅ RESPONSE: POST /system/issue | Time: 14 ms
2026-04-08 00:36:59 [INFO] com.systemhealth.config.LoggingFilter - ➡️ REQUEST: POST /system/issue
2026-04-08 00:36:59 [INFO] com.systemhealth.controller.SystemController - 📥 Issue received: HIGH_CPU
2026-04-08 00:36:59 [INFO] com.systemhealth.controller.SystemController - 📡 WebSocket alert sent for issue=HIGH_CPU
2026-04-08 00:36:59 [INFO] com.systemhealth.config.LoggingFilter - ✅ RESPONSE: POST /system/issue | Time: 12 ms
2026-04-08 00:37:05 [INFO] com.systemhealth.config.LoggingFilter - ➡️ REQUEST: POST /system/issue
2026-04-08 00:37:05 [INFO] com.systemhealth.controller.SystemController - 📥 Issue received: HIGH_CPU
2026-04-08 00:37:05 [INFO] com.systemhealth.controller.SystemController - 📡 WebSocket alert sent for issue=HIGH_CPU
2026-04-08 00:37:05 [INFO] com.systemhealth.config.LoggingFilter - ✅ RESPONSE: POST /system/issue | Time: 17 ms
2026-04-08 00:37:10 [INFO] com.systemhealth.config.LoggingFilter - ➡️ REQUEST: POST /system/issue
2026-04-08 00:37:10 [INFO] com.systemhealth.controller.SystemController - 📥 Issue received: HIGH_CPU
2026-04-08 00:37:10 [INFO] com.systemhealth.controller.SystemController - 📡 WebSocket alert sent for issue=HIGH_CPU
2026-04-08 00:37:10 [INFO] com.systemhealth.config.LoggingFilter - ✅ RESPONSE: POST /system/issue | Time: 60 ms
2026-04-08 00:37:15 [INFO] com.systemhealth.config.LoggingFilter - ➡️ REQUEST: POST /system/issue
2026-04-08 00:37:15 [INFO] com.systemhealth.controller.SystemController - 📥 Issue received: HIGH_CPU
2026-04-08 00:37:15 [INFO] com.systemhealth.controller.SystemController - 📡 WebSocket alert sent for issue=HIGH_CPU
2026-04-08 00:37:15 [INFO] com.systemhealth.config.LoggingFilter - ✅ RESPONSE: POST /system/issue | Time: 25 ms
2026-04-08 00:37:20 [INFO] com.systemhealth.config.LoggingFilter - ➡️ REQUEST: POST /system/issue
2026-04-08 00:37:20 [INFO] com.systemhealth.controller.SystemController - 📥 Issue received: HIGH_CPU
2026-04-08 00:37:20 [INFO] com.systemhealth.controller.SystemController - 📡 WebSocket alert sent for issue=HIGH_CPU
2026-04-08 00:37:20 [INFO] com.systemhealth.config.LoggingFilter - ✅ RESPONSE: POST /system/issue | Time: 54 ms
2026-04-08 00:37:25 [INFO] com.systemhealth.config.LoggingFilter - ➡️ REQUEST: POST /system/issue
2026-04-08 00:37:25 [INFO] com.systemhealth.controller.SystemController - 📥 Issue received: HIGH_CPU
2026-04-08 00:37:25 [INFO] com.systemhealth.controller.SystemController - 📡 WebSocket alert sent for issue=HIGH_CPU
2026-04-08 00:37:25 [INFO] com.systemhealth.config.LoggingFilter - ✅ RESPONSE: POST /system/issue | Time: 6 ms
2026-04-08 00:37:30 [INFO] com.systemhealth.config.LoggingFilter - ➡️ REQUEST: POST /system/issue
2026-04-08 00:37:30 [INFO] com.systemhealth.controller.SystemController - 📥 Issue received: HIGH_CPU
2026-04-08 00:37:30 [INFO] com.systemhealth.controller.SystemController - 📡 WebSocket alert sent for issue=HIGH_CPU
2026-04-08 00:37:30 [INFO] com.systemhealth.config.LoggingFilter - ✅ RESPONSE: POST /system/issue | Time: 21 ms
2026-04-08 00:37:35 [INFO] com.systemhealth.config.LoggingFilter - ➡️ REQUEST: POST /system/issue
2026-04-08 00:37:35 [INFO] com.systemhealth.controller.SystemController - 📥 Issue received: HIGH_CPU
2026-04-08 00:37:35 [INFO] com.systemhealth.controller.SystemController - 📡 WebSocket alert sent for issue=HIGH_CPU
2026-04-08 00:37:35 [INFO] com.systemhealth.config.LoggingFilter - ✅ RESPONSE: POST /system/issue | Time: 20 ms
2026-04-08 00:37:40 [INFO] com.systemhealth.config.LoggingFilter - ➡️ REQUEST: POST /system/issue
2026-04-08 00:37:40 [INFO] com.systemhealth.controller.SystemController - 📥 Issue received: HIGH_CPU
2026-04-08 00:37:40 [INFO] com.systemhealth.controller.SystemController - 📡 WebSocket alert sent for issue=HIGH_CPU
2026-04-08 00:37:40 [INFO] com.systemhealth.config.LoggingFilter - ✅ RESPONSE: POST /system/issue | Time: 14 ms
2026-04-08 00:37:45 [INFO] com.systemhealth.config.LoggingFilter - ➡️ REQUEST: POST /system/issue
2026-04-08 00:37:45 [INFO] com.systemhealth.controller.SystemController - 📥 Issue received: HIGH_CPU
2026-04-08 00:37:45 [INFO] com.systemhealth.controller.SystemController - 📡 WebSocket alert sent for issue=HIGH_CPU
2026-04-08 00:37:45 [INFO] com.systemhealth.config.LoggingFilter - ✅ RESPONSE: POST /system/issue | Time: 17 ms
2026-04-08 00:37:50 [INFO] com.systemhealth.config.LoggingFilter - ➡️ REQUEST: POST /system/issue
2026-04-08 00:37:50 [INFO] com.systemhealth.controller.SystemController - 📥 Issue received: HIGH_CPU
2026-04-08 00:37:50 [INFO] com.systemhealth.controller.SystemController - 📡 WebSocket alert sent for issue=HIGH_CPU
2026-04-08 00:37:50 [INFO] com.systemhealth.config.LoggingFilter - ✅ RESPONSE: POST /system/issue | Time: 25 ms
2026-04-08 00:37:55 [INFO] com.systemhealth.config.LoggingFilter - ➡️ REQUEST: POST /system/issue
2026-04-08 00:37:55 [INFO] com.systemhealth.controller.SystemController - 📥 Issue received: HIGH_CPU
2026-04-08 00:37:55 [INFO] com.systemhealth.controller.SystemController - 📡 WebSocket alert sent for issue=HIGH_CPU
2026-04-08 00:37:55 [INFO] com.systemhealth.config.LoggingFilter - ✅ RESPONSE: POST /system/issue | Time: 46 ms
2026-04-08 00:38:00 [INFO] com.systemhealth.config.LoggingFilter - ➡️ REQUEST: POST /system/issue
2026-04-08 00:38:00 [INFO] com.systemhealth.controller.SystemController - 📥 Issue received: HIGH_CPU
2026-04-08 00:38:00 [INFO] com.systemhealth.controller.SystemController - 📡 WebSocket alert sent for issue=HIGH_CPU
2026-04-08 00:38:00 [INFO] com.systemhealth.config.LoggingFilter - ✅ RESPONSE: POST /system/issue | Time: 13 ms
2026-04-08 00:38:05 [INFO] com.systemhealth.config.LoggingFilter - ➡️ REQUEST: POST /system/issue
2026-04-08 00:38:05 [INFO] com.systemhealth.controller.SystemController - 📥 Issue received: HIGH_CPU
2026-04-08 00:38:05 [INFO] com.systemhealth.controller.SystemController - 📡 WebSocket alert sent for issue=HIGH_CPU
2026-04-08 00:38:05 [INFO] com.systemhealth.config.LoggingFilter - ✅ RESPONSE: POST /system/issue | Time: 21 ms
2026-04-08 00:38:10 [INFO] com.systemhealth.config.LoggingFilter - ➡️ REQUEST: POST /system/issue
2026-04-08 00:38:10 [INFO] com.systemhealth.controller.SystemController - 📥 Issue received: HIGH_CPU
2026-04-08 00:38:10 [INFO] com.systemhealth.controller.SystemController - 📡 WebSocket alert sent for issue=HIGH_CPU
2026-04-08 00:38:10 [INFO] com.systemhealth.config.LoggingFilter - ✅ RESPONSE: POST /system/issue | Time: 31 ms
2026-04-08 00:38:15 [INFO] com.systemhealth.config.LoggingFilter - ➡️ REQUEST: POST /system/issue
2026-04-08 00:38:15 [INFO] com.systemhealth.controller.SystemController - 📥 Issue received: HIGH_CPU
2026-04-08 00:38:15 [INFO] com.systemhealth.controller.SystemController - 📡 WebSocket alert sent for issue=HIGH_CPU
2026-04-08 00:38:15 [INFO] com.systemhealth.config.LoggingFilter - ✅ RESPONSE: POST /system/issue | Time: 19 ms
2026-04-08 00:38:20 [INFO] com.systemhealth.config.LoggingFilter - ➡️ REQUEST: POST /system/issue
2026-04-08 00:38:20 [INFO] com.systemhealth.controller.SystemController - 📥 Issue received: HIGH_CPU
2026-04-08 00:38:20 [INFO] com.systemhealth.controller.SystemController - 📡 WebSocket alert sent for issue=HIGH_CPU
2026-04-08 00:38:20 [INFO] com.systemhealth.config.LoggingFilter - ✅ RESPONSE: POST /system/issue | Time: 11 ms
2026-04-08 00:38:25 [INFO] com.systemhealth.config.LoggingFilter - ➡️ REQUEST: POST /system/issue
2026-04-08 00:38:25 [INFO] com.systemhealth.controller.SystemController - 📥 Issue received: HIGH_CPU
2026-04-08 00:38:25 [INFO] com.systemhealth.controller.SystemController - 📡 WebSocket alert sent for issue=HIGH_CPU
2026-04-08 00:38:25 [INFO] com.systemhealth.config.LoggingFilter - ✅ RESPONSE: POST /system/issue | Time: 59 ms
2026-04-08 00:38:30 [INFO] com.systemhealth.config.LoggingFilter - ➡️ REQUEST: POST /system/issue
2026-04-08 00:38:30 [INFO] com.systemhealth.controller.SystemController - 📥 Issue received: HIGH_CPU
2026-04-08 00:38:30 [INFO] com.systemhealth.controller.SystemController - 📡 WebSocket alert sent for issue=HIGH_CPU
2026-04-08 00:38:30 [INFO] com.systemhealth.config.LoggingFilter - ✅ RESPONSE: POST /system/issue | Time: 23 ms
2026-04-08 00:38:35 [INFO] com.systemhealth.config.LoggingFilter - ➡️ REQUEST: POST /system/issue
2026-04-08 00:38:35 [INFO] com.systemhealth.controller.SystemController - 📥 Issue received: HIGH_CPU
2026-04-08 00:38:35 [INFO] com.systemhealth.controller.SystemController - 📡 WebSocket alert sent for issue=HIGH_CPU
2026-04-08 00:38:35 [INFO] com.systemhealth.config.LoggingFilter - ✅ RESPONSE: POST /system/issue | Time: 30 ms
2026-04-08 00:38:40 [INFO] com.systemhealth.config.LoggingFilter - ➡️ REQUEST: POST /system/issue
2026-04-08 00:38:40 [INFO] com.systemhealth.controller.SystemController - 📥 Issue received: HIGH_CPU
2026-04-08 00:38:40 [INFO] com.systemhealth.controller.SystemController - 📡 WebSocket alert sent for issue=HIGH_CPU
2026-04-08 00:38:40 [INFO] com.systemhealth.config.LoggingFilter - ✅ RESPONSE: POST /system/issue | Time: 19 ms
2026-04-08 00:38:45 [INFO] com.systemhealth.config.LoggingFilter - ➡️ REQUEST: POST /system/issue
2026-04-08 00:38:45 [INFO] com.systemhealth.controller.SystemController - 📥 Issue received: HIGH_CPU
2026-04-08 00:38:45 [INFO] com.systemhealth.controller.SystemController - 📡 WebSocket alert sent for issue=HIGH_CPU
2026-04-08 00:38:45 [INFO] com.systemhealth.config.LoggingFilter - ✅ RESPONSE: POST /system/issue | Time: 47 ms
2026-04-08 00:38:50 [INFO] com.systemhealth.config.LoggingFilter - ➡️ REQUEST: POST /system/issue
2026-04-08 00:38:50 [INFO] com.systemhealth.controller.SystemController - 📥 Issue received: HIGH_CPU
2026-04-08 00:38:50 [INFO] com.systemhealth.controller.SystemController - 📡 WebSocket alert sent for issue=HIGH_CPU
2026-04-08 00:38:50 [INFO] com.systemhealth.config.LoggingFilter - ✅ RESPONSE: POST /system/issue | Time: 15 ms
2026-04-08 00:38:55 [INFO] com.systemhealth.config.LoggingFilter - ➡️ REQUEST: POST /system/issue
2026-04-08 00:38:55 [INFO] com.systemhealth.controller.SystemController - 📥 Issue received: HIGH_CPU
2026-04-08 00:38:55 [INFO] com.systemhealth.controller.SystemController - 📡 WebSocket alert sent for issue=HIGH_CPU
2026-04-08 00:38:55 [INFO] com.systemhealth.config.LoggingFilter - ✅ RESPONSE: POST /system/issue | Time: 53 ms
2026-04-08 00:39:00 [INFO] com.systemhealth.config.LoggingFilter - ➡️ REQUEST: POST /system/issue
2026-04-08 00:39:00 [INFO] com.systemhealth.controller.SystemController - 📥 Issue received: HIGH_CPU
2026-04-08 00:39:00 [INFO] com.systemhealth.controller.SystemController - 📡 WebSocket alert sent for issue=HIGH_CPU
2026-04-08 00:39:00 [INFO] com.systemhealth.config.LoggingFilter - ✅ RESPONSE: POST /system/issue | Time: 15 ms
2026-04-08 00:39:05 [INFO] com.systemhealth.config.LoggingFilter - ➡️ REQUEST: POST /system/issue
2026-04-08 00:39:05 [INFO] com.systemhealth.controller.SystemController - 📥 Issue received: HIGH_CPU
2026-04-08 00:39:05 [INFO] com.systemhealth.controller.SystemController - 📡 WebSocket alert sent for issue=HIGH_CPU
2026-04-08 00:39:05 [INFO] com.systemhealth.config.LoggingFilter - ✅ RESPONSE: POST /system/issue | Time: 17 ms
2026-04-08 00:39:10 [INFO] com.systemhealth.config.LoggingFilter - ➡️ REQUEST: POST /system/issue
2026-04-08 00:39:10 [INFO] com.systemhealth.controller.SystemController - 📥 Issue received: HIGH_CPU
2026-04-08 00:39:10 [INFO] com.systemhealth.controller.SystemController - 📡 WebSocket alert sent for issue=HIGH_CPU
2026-04-08 00:39:10 [INFO] com.systemhealth.config.LoggingFilter - ✅ RESPONSE: POST /system/issue | Time: 15 ms
2026-04-08 00:39:15 [INFO] com.systemhealth.config.LoggingFilter - ➡️ REQUEST: POST /system/issue
2026-04-08 00:39:15 [INFO] com.systemhealth.controller.SystemController - 📥 Issue received: HIGH_CPU
2026-04-08 00:39:15 [INFO] com.systemhealth.controller.SystemController - 📡 WebSocket alert sent for issue=HIGH_CPU
2026-04-08 00:39:15 [INFO] com.systemhealth.config.LoggingFilter - ✅ RESPONSE: POST /system/issue | Time: 27 ms
2026-04-08 00:39:20 [INFO] com.systemhealth.config.LoggingFilter - ➡️ REQUEST: POST /system/issue
2026-04-08 00:39:20 [INFO] com.systemhealth.controller.SystemController - 📥 Issue received: HIGH_CPU
2026-04-08 00:39:20 [INFO] com.systemhealth.controller.SystemController - 📡 WebSocket alert sent for issue=HIGH_CPU
2026-04-08 00:39:20 [INFO] com.systemhealth.config.LoggingFilter - ✅ RESPONSE: POST /system/issue | Time: 17 ms
2026-04-08 00:39:25 [INFO] com.systemhealth.config.LoggingFilter - ➡️ REQUEST: POST /system/issue
2026-04-08 00:39:25 [INFO] com.systemhealth.controller.SystemController - 📥 Issue received: HIGH_CPU
2026-04-08 00:39:25 [INFO] com.systemhealth.controller.SystemController - 📡 WebSocket alert sent for issue=HIGH_CPU
2026-04-08 00:39:25 [INFO] com.systemhealth.config.LoggingFilter - ✅ RESPONSE: POST /system/issue | Time: 20 ms
2026-04-08 00:39:30 [INFO] com.systemhealth.config.LoggingFilter - ➡️ REQUEST: POST /system/issue
2026-04-08 00:39:30 [INFO] com.systemhealth.controller.SystemController - 📥 Issue received: HIGH_CPU
2026-04-08 00:39:30 [INFO] com.systemhealth.controller.SystemController - 📡 WebSocket alert sent for issue=HIGH_CPU
2026-04-08 00:39:30 [INFO] com.systemhealth.config.LoggingFilter - ✅ RESPONSE: POST /system/issue | Time: 19 ms
2026-04-08 00:39:35 [INFO] com.systemhealth.config.LoggingFilter - ➡️ REQUEST: POST /system/issue
2026-04-08 00:39:35 [INFO] com.systemhealth.controller.SystemController - 📥 Issue received: HIGH_CPU
2026-04-08 00:39:36 [INFO] com.systemhealth.controller.SystemController - 📡 WebSocket alert sent for issue=HIGH_CPU
2026-04-08 00:39:36 [INFO] com.systemhealth.config.LoggingFilter - ✅ RESPONSE: POST /system/issue | Time: 16 ms
2026-04-08 00:39:41 [INFO] com.systemhealth.config.LoggingFilter - ➡️ REQUEST: POST /system/issue
2026-04-08 00:39:41 [INFO] com.systemhealth.controller.SystemController - 📥 Issue received: HIGH_CPU
2026-04-08 00:39:41 [INFO] com.systemhealth.controller.SystemController - 📡 WebSocket alert sent for issue=HIGH_CPU
2026-04-08 00:39:41 [INFO] com.systemhealth.config.LoggingFilter - ✅ RESPONSE: POST /system/issue | Time: 61 ms
2026-04-08 00:39:46 [INFO] com.systemhealth.config.LoggingFilter - ➡️ REQUEST: POST /system/issue
2026-04-08 00:39:46 [INFO] com.systemhealth.controller.SystemController - 📥 Issue received: HIGH_CPU
2026-04-08 00:39:46 [INFO] com.systemhealth.controller.SystemController - 📡 WebSocket alert sent for issue=HIGH_CPU
2026-04-08 00:39:46 [INFO] com.systemhealth.config.LoggingFilter - ✅ RESPONSE: POST /system/issue | Time: 17 ms
2026-04-08 00:39:51 [INFO] com.systemhealth.config.LoggingFilter - ➡️ REQUEST: POST /system/issue
2026-04-08 00:39:51 [INFO] com.systemhealth.controller.SystemController - 📥 Issue received: HIGH_CPU
2026-04-08 00:39:51 [INFO] com.systemhealth.controller.SystemController - 📡 WebSocket alert sent for issue=HIGH_CPU
2026-04-08 00:39:51 [INFO] com.systemhealth.config.LoggingFilter - ✅ RESPONSE: POST /system/issue | Time: 14 ms
2026-04-08 00:39:56 [INFO] com.systemhealth.config.LoggingFilter - ➡️ REQUEST: POST /system/issue
2026-04-08 00:39:56 [INFO] com.systemhealth.controller.SystemController - 📥 Issue received: HIGH_CPU
2026-04-08 00:39:56 [INFO] com.systemhealth.controller.SystemController - 📡 WebSocket alert sent for issue=HIGH_CPU
2026-04-08 00:39:56 [INFO] com.systemhealth.config.LoggingFilter - ✅ RESPONSE: POST /system/issue | Time: 46 ms
2026-04-08 00:40:01 [INFO] com.systemhealth.config.LoggingFilter - ➡️ REQUEST: POST /system/issue
2026-04-08 00:40:01 [INFO] com.systemhealth.controller.SystemController - 📥 Issue received: HIGH_CPU
2026-04-08 00:40:01 [INFO] com.systemhealth.controller.SystemController - 📡 WebSocket alert sent for issue=HIGH_CPU
2026-04-08 00:40:01 [INFO] com.systemhealth.config.LoggingFilter - ✅ RESPONSE: POST /system/issue | Time: 11 ms
2026-04-08 00:40:06 [INFO] com.systemhealth.config.LoggingFilter - ➡️ REQUEST: POST /system/issue
2026-04-08 00:40:06 [INFO] com.systemhealth.controller.SystemController - 📥 Issue received: HIGH_CPU
2026-04-08 00:40:06 [INFO] com.systemhealth.controller.SystemController - 📡 WebSocket alert sent for issue=HIGH_CPU
2026-04-08 00:40:06 [INFO] com.systemhealth.config.LoggingFilter - ✅ RESPONSE: POST /system/issue | Time: 48 ms
2026-04-08 00:40:11 [INFO] com.systemhealth.config.LoggingFilter - ➡️ REQUEST: POST /system/issue
2026-04-08 00:40:11 [INFO] com.systemhealth.controller.SystemController - 📥 Issue received: HIGH_CPU
2026-04-08 00:40:11 [INFO] com.systemhealth.controller.SystemController - 📡 WebSocket alert sent for issue=HIGH_CPU
2026-04-08 00:40:11 [INFO] com.systemhealth.config.LoggingFilter - ✅ RESPONSE: POST /system/issue | Time: 49 ms
2026-04-08 00:40:16 [INFO] com.systemhealth.config.LoggingFilter - ➡️ REQUEST: POST /system/issue
2026-04-08 00:40:16 [INFO] com.systemhealth.controller.SystemController - 📥 Issue received: HIGH_CPU
2026-04-08 00:40:16 [INFO] com.systemhealth.controller.SystemController - 📡 WebSocket alert sent for issue=HIGH_CPU
2026-04-08 00:40:16 [INFO] com.systemhealth.config.LoggingFilter - ✅ RESPONSE: POST /system/issue | Time: 54 ms
2026-04-08 00:40:21 [INFO] com.systemhealth.config.LoggingFilter - ➡️ REQUEST: POST /system/issue
2026-04-08 00:40:21 [INFO] com.systemhealth.controller.SystemController - 📥 Issue received: HIGH_CPU
2026-04-08 00:40:21 [INFO] com.systemhealth.controller.SystemController - 📡 WebSocket alert sent for issue=HIGH_CPU
2026-04-08 00:40:21 [INFO] com.systemhealth.config.LoggingFilter - ✅ RESPONSE: POST /system/issue | Time: 37 ms
2026-04-08 00:40:26 [INFO] com.systemhealth.config.LoggingFilter - ➡️ REQUEST: POST /system/issue
2026-04-08 00:40:26 [INFO] com.systemhealth.controller.SystemController - 📥 Issue received: HIGH_CPU
2026-04-08 00:40:26 [INFO] com.systemhealth.controller.SystemController - 📡 WebSocket alert sent for issue=HIGH_CPU
2026-04-08 00:40:26 [INFO] com.systemhealth.config.LoggingFilter - ✅ RESPONSE: POST /system/issue | Time: 16 ms
2026-04-08 00:40:31 [INFO] com.systemhealth.config.LoggingFilter - ➡️ REQUEST: POST /system/issue
2026-04-08 00:40:31 [INFO] com.systemhealth.controller.SystemController - 📥 Issue received: HIGH_CPU
2026-04-08 00:40:31 [INFO] com.systemhealth.controller.SystemController - 📡 WebSocket alert sent for issue=HIGH_CPU
2026-04-08 00:40:31 [INFO] com.systemhealth.config.LoggingFilter - ✅ RESPONSE: POST /system/issue | Time: 19 ms
2026-04-08 00:40:36 [INFO] com.systemhealth.config.LoggingFilter - ➡️ REQUEST: POST /system/issue
2026-04-08 00:40:36 [INFO] com.systemhealth.controller.SystemController - 📥 Issue received: HIGH_CPU
2026-04-08 00:40:36 [INFO] com.systemhealth.controller.SystemController - 📡 WebSocket alert sent for issue=HIGH_CPU
2026-04-08 00:40:36 [INFO] com.systemhealth.config.LoggingFilter - ✅ RESPONSE: POST /system/issue | Time: 39 ms
2026-04-08 00:40:41 [INFO] com.systemhealth.config.LoggingFilter - ➡️ REQUEST: POST /system/issue
2026-04-08 00:40:41 [INFO] com.systemhealth.controller.SystemController - 📥 Issue received: HIGH_CPU
2026-04-08 00:40:41 [INFO] com.systemhealth.controller.SystemController - 📡 WebSocket alert sent for issue=HIGH_CPU
2026-04-08 00:40:41 [INFO] com.systemhealth.config.LoggingFilter - ✅ RESPONSE: POST /system/issue | Time: 47 ms
2026-04-08 00:40:54 [INFO] org.springframework.messaging.simp.broker.SimpleBrokerMessageHandler - Stopping...
2026-04-08 00:40:54 [INFO] org.springframework.messaging.simp.broker.SimpleBrokerMessageHandler - BrokerAvailabilityEvent[available=false, SimpleBrokerMessageHandler [org.springframework.messaging.simp.broker.DefaultSubscriptionRegistry@380cd266]]
2026-04-08 00:40:54 [INFO] org.springframework.messaging.simp.broker.SimpleBrokerMessageHandler - Stopped.
2026-04-08 00:40:54 [INFO] org.springframework.orm.jpa.LocalContainerEntityManagerFactoryBean - Closing JPA EntityManagerFactory for persistence unit 'default'
2026-04-08 00:40:54 [INFO] com.zaxxer.hikari.HikariDataSource - HikariPool-1 - Shutdown initiated...
2026-04-08 00:40:54 [INFO] com.zaxxer.hikari.HikariDataSource - HikariPool-1 - Shutdown completed.
